<?xml version="1.0" encoding="UTF-8"?>
<!-- Generated by org.testng.reporters.JUnitXMLReporter -->
<testsuite ignored="0" hostname="IN-6Y2L2J3" failures="0" tests="3" name="Default test" time="24.126" errors="0" timestamp="01 May 2022 10:43:37 GMT">
  <testcase classname="com.SeleniumExitTest.testcases.LogInTest" name="InValidLogIN" time="0.381"/>
  <testcase classname="com.SeleniumExitTest.testcases.LogInTest" name="InValidLogINWithBlank" time="0.3"/>
  <testcase classname="com.SeleniumExitTest.testcases.LogInTest" name="ValidLogIN" time="0.595"/>
</testsuite> <!-- Default test -->
